<?xml version="1.0" encoding="UTF-8"?>
<!-- Generated by org.testng.reporters.JUnitXMLReporter -->
<testsuite hostname="LAPTOP-ECCE3OFG" ignored="0" name="Surefire test" tests="2" failures="2" timestamp="27 Dec 2021 22:07:51 GMT" time="0.027" errors="0">
  <testcase name="userShouldBeAbleToPurchaseLaptopSuccessfully" time="0.0" classname="com.amazon.testsuite.LaptopTest">
    <failure type="org.testng.TestNGException" message="
Parameter &amp;apos;search1&amp;apos; is required by @Test on method userShouldBeAbleToPurchaseLaptopSuccessfully but has not been marked @Optional or defined
">
      <![CDATA[org.testng.TestNGException: 
Parameter 'search1' is required by @Test on method userShouldBeAbleToPurchaseLaptopSuccessfully but has not been marked @Optional or defined

... Removed 29 stack frames]]>
    </failure>
  </testcase> <!-- userShouldBeAbleToPurchaseLaptopSuccessfully -->
  <testcase name="userShouldBeAbleToPurchaseMobilePhoneSuccessfully" time="0.0" classname="com.amazon.testsuite.MobilePhoneTest">
    <failure type="org.testng.TestNGException" message="
Parameter &amp;apos;search2&amp;apos; is required by @Test on method userShouldBeAbleToPurchaseMobilePhoneSuccessfully but has not been marked @Optional or defined
">
      <![CDATA[org.testng.TestNGException: 
Parameter 'search2' is required by @Test on method userShouldBeAbleToPurchaseMobilePhoneSuccessfully but has not been marked @Optional or defined

... Removed 29 stack frames]]>
    </failure>
  </testcase> <!-- userShouldBeAbleToPurchaseMobilePhoneSuccessfully -->
</testsuite> <!-- Surefire test -->
